<?xml version="1.0"?>
<?xml-stylesheet type="text/xsl" href="http://check.sourceforge.net/xml/check_unittest.xslt"?>
<testsuites xmlns="http://check.sourceforge.net/ns">
  <datetime>2019-09-19 14:36:56</datetime>
  <suite>
    <title>alltests</title>
    <test result="success">
      <path>tests</path>
      <fn>strength-test.check:14</fn>
      <id>empty</id>
      <iteration>0</iteration>
      <duration>0.000076</duration>
      <description>simple</description>
      <message>Passed</message>
    </test>
    <test result="success">
      <path>tests</path>
      <fn>strength-test.check:27</fn>
      <id>lower</id>
      <iteration>0</iteration>
      <duration>0.000179</duration>
      <description>simple</description>
      <message>Passed</message>
    </test>
    <test result="success">
      <path>tests</path>
      <fn>strength-test.check:40</fn>
      <id>upper</id>
      <iteration>0</iteration>
      <duration>0.000177</duration>
      <description>simple</description>
      <message>Passed</message>
    </test>
    <test result="success">
      <path>tests</path>
      <fn>strength-test.check:56</fn>
      <id>lower_upper</id>
      <iteration>0</iteration>
      <duration>0.000199</duration>
      <description>simple</description>
      <message>Passed</message>
    </test>
    <test result="success">
      <path>tests</path>
      <fn>strength-test.check:66</fn>
      <id>lower_upper_digit</id>
      <iteration>0</iteration>
      <duration>0.000143</duration>
      <description>simple</description>
      <message>Passed</message>
    </test>
    <test result="success">
      <path>tests</path>
      <fn>strength-test.check:82</fn>
      <id>lower_upper_digit_symbol</id>
      <iteration>0</iteration>
      <duration>0.000194</duration>
      <description>simple</description>
      <message>Passed</message>
    </test>
    <test result="success">
      <path>tests</path>
      <fn>strength-test.check:95</fn>
      <id>lower_long</id>
      <iteration>0</iteration>
      <duration>0.000179</duration>
      <description>simple</description>
      <message>Passed</message>
    </test>
    <test result="success">
      <path>tests</path>
      <fn>strength-test.check:108</fn>
      <id>everything</id>
      <iteration>0</iteration>
      <duration>0.000181</duration>
      <description>simple</description>
      <message>Passed</message>
    </test>
  </suite>
  <duration>0.200554</duration>
</testsuites>
